CRITICAL - 2023-05-21 07:37:32 --> Undefined array key "perfil_id"
in APPPATH\Views\usuarios.php on line 247.
 1 APPPATH\Views\usuarios.php(247): CodeIgniter\Debug\Exceptions->errorHandler(2, 'Undefined array key "perfil_id"', 'C:\\xampp\\htdocs\\Acevedo_Ignacio\\app\\Views\\usuarios.php', 247)
 2 SYSTEMPATH\View\View.php(213): include('C:\\xampp\\htdocs\\Acevedo_Ignacio\\app\\Views\\usuarios.php')
 3 SYSTEMPATH\View\View.php(216): CodeIgniter\View\View->CodeIgniter\View\{closure}()
 4 SYSTEMPATH\Common.php(1184): CodeIgniter\View\View->render('usuarios', [], true)
 5 APPPATH\Controllers\usuariosController.php(20): view('usuarios', [...])
 6 SYSTEMPATH\CodeIgniter.php(934): App\Controllers\usuariosController->index()
 7 SYSTEMPATH\CodeIgniter.php(499): CodeIgniter\CodeIgniter->runController(Object(App\Controllers\usuariosController))
 8 SYSTEMPATH\CodeIgniter.php(368): CodeIgniter\CodeIgniter->handleRequest(null, Object(Config\Cache), false)
 9 FCPATH\index.php(67): CodeIgniter\CodeIgniter->run()
CRITICAL - 2023-05-21 08:02:46 --> syntax error, unexpected variable "$routes"
in APPPATH\Config\Routes.php on line 53.
 1 SYSTEMPATH\CodeIgniter.php(802): CodeIgniter\Router\RouteCollection->loadRoutes()
 2 SYSTEMPATH\CodeIgniter.php(449): CodeIgniter\CodeIgniter->tryToRouteIt(null)
 3 SYSTEMPATH\CodeIgniter.php(368): CodeIgniter\CodeIgniter->handleRequest(null, Object(Config\Cache), false)
 4 FCPATH\index.php(67): CodeIgniter\CodeIgniter->run()
CRITICAL - 2023-05-21 08:02:48 --> syntax error, unexpected variable "$routes"
in APPPATH\Config\Routes.php on line 53.
 1 SYSTEMPATH\CodeIgniter.php(802): CodeIgniter\Router\RouteCollection->loadRoutes()
 2 SYSTEMPATH\CodeIgniter.php(449): CodeIgniter\CodeIgniter->tryToRouteIt(null)
 3 SYSTEMPATH\CodeIgniter.php(368): CodeIgniter\CodeIgniter->handleRequest(null, Object(Config\Cache), false)
 4 FCPATH\index.php(67): CodeIgniter\CodeIgniter->run()
CRITICAL - 2023-05-21 08:10:11 --> Undefined array key "apellido"
in APPPATH\Views\editarUsuarioView.php on line 66.
 1 APPPATH\Views\editarUsuarioView.php(66): CodeIgniter\Debug\Exceptions->errorHandler(2, 'Undefined array key "apellido"', 'C:\\xampp\\htdocs\\Acevedo_Ignacio\\app\\Views\\editarUsuarioView.php', 66)
 2 SYSTEMPATH\View\View.php(213): include('C:\\xampp\\htdocs\\Acevedo_Ignacio\\app\\Views\\editarUsuarioView.php')
 3 SYSTEMPATH\View\View.php(216): CodeIgniter\View\View->CodeIgniter\View\{closure}()
 4 SYSTEMPATH\Common.php(1184): CodeIgniter\View\View->render('editarUsuarioView', [], true)
 5 APPPATH\Controllers\editarUserController.php(13): view('editarUsuarioView', [...])
 6 SYSTEMPATH\CodeIgniter.php(934): App\Controllers\editarUserController->index()
 7 SYSTEMPATH\CodeIgniter.php(499): CodeIgniter\CodeIgniter->runController(Object(App\Controllers\editarUserController))
 8 SYSTEMPATH\CodeIgniter.php(368): CodeIgniter\CodeIgniter->handleRequest(null, Object(Config\Cache), false)
 9 FCPATH\index.php(67): CodeIgniter\CodeIgniter->run()
CRITICAL - 2023-05-21 08:10:14 --> Undefined array key "apellido"
in APPPATH\Views\editarUsuarioView.php on line 66.
 1 APPPATH\Views\editarUsuarioView.php(66): CodeIgniter\Debug\Exceptions->errorHandler(2, 'Undefined array key "apellido"', 'C:\\xampp\\htdocs\\Acevedo_Ignacio\\app\\Views\\editarUsuarioView.php', 66)
 2 SYSTEMPATH\View\View.php(213): include('C:\\xampp\\htdocs\\Acevedo_Ignacio\\app\\Views\\editarUsuarioView.php')
 3 SYSTEMPATH\View\View.php(216): CodeIgniter\View\View->CodeIgniter\View\{closure}()
 4 SYSTEMPATH\Common.php(1184): CodeIgniter\View\View->render('editarUsuarioView', [], true)
 5 APPPATH\Controllers\editarUserController.php(13): view('editarUsuarioView', [...])
 6 SYSTEMPATH\CodeIgniter.php(934): App\Controllers\editarUserController->index()
 7 SYSTEMPATH\CodeIgniter.php(499): CodeIgniter\CodeIgniter->runController(Object(App\Controllers\editarUserController))
 8 SYSTEMPATH\CodeIgniter.php(368): CodeIgniter\CodeIgniter->handleRequest(null, Object(Config\Cache), false)
 9 FCPATH\index.php(67): CodeIgniter\CodeIgniter->run()
CRITICAL - 2023-05-21 08:10:17 --> Undefined array key "apellido"
in APPPATH\Views\editarUsuarioView.php on line 66.
 1 APPPATH\Views\editarUsuarioView.php(66): CodeIgniter\Debug\Exceptions->errorHandler(2, 'Undefined array key "apellido"', 'C:\\xampp\\htdocs\\Acevedo_Ignacio\\app\\Views\\editarUsuarioView.php', 66)
 2 SYSTEMPATH\View\View.php(213): include('C:\\xampp\\htdocs\\Acevedo_Ignacio\\app\\Views\\editarUsuarioView.php')
 3 SYSTEMPATH\View\View.php(216): CodeIgniter\View\View->CodeIgniter\View\{closure}()
 4 SYSTEMPATH\Common.php(1184): CodeIgniter\View\View->render('editarUsuarioView', [], true)
 5 APPPATH\Controllers\editarUserController.php(13): view('editarUsuarioView', [...])
 6 SYSTEMPATH\CodeIgniter.php(934): App\Controllers\editarUserController->index()
 7 SYSTEMPATH\CodeIgniter.php(499): CodeIgniter\CodeIgniter->runController(Object(App\Controllers\editarUserController))
 8 SYSTEMPATH\CodeIgniter.php(368): CodeIgniter\CodeIgniter->handleRequest(null, Object(Config\Cache), false)
 9 FCPATH\index.php(67): CodeIgniter\CodeIgniter->run()
CRITICAL - 2023-05-21 08:11:00 --> Undefined array key "apellido"
in APPPATH\Views\editarUsuarioView.php on line 66.
 1 APPPATH\Views\editarUsuarioView.php(66): CodeIgniter\Debug\Exceptions->errorHandler(2, 'Undefined array key "apellido"', 'C:\\xampp\\htdocs\\Acevedo_Ignacio\\app\\Views\\editarUsuarioView.php', 66)
 2 SYSTEMPATH\View\View.php(213): include('C:\\xampp\\htdocs\\Acevedo_Ignacio\\app\\Views\\editarUsuarioView.php')
 3 SYSTEMPATH\View\View.php(216): CodeIgniter\View\View->CodeIgniter\View\{closure}()
 4 SYSTEMPATH\Common.php(1184): CodeIgniter\View\View->render('editarUsuarioView', [], true)
 5 APPPATH\Controllers\editarUserController.php(13): view('editarUsuarioView', [...])
 6 SYSTEMPATH\CodeIgniter.php(934): App\Controllers\editarUserController->index()
 7 SYSTEMPATH\CodeIgniter.php(499): CodeIgniter\CodeIgniter->runController(Object(App\Controllers\editarUserController))
 8 SYSTEMPATH\CodeIgniter.php(368): CodeIgniter\CodeIgniter->handleRequest(null, Object(Config\Cache), false)
 9 FCPATH\index.php(67): CodeIgniter\CodeIgniter->run()
CRITICAL - 2023-05-21 08:11:01 --> Undefined array key "apellido"
in APPPATH\Views\editarUsuarioView.php on line 66.
 1 APPPATH\Views\editarUsuarioView.php(66): CodeIgniter\Debug\Exceptions->errorHandler(2, 'Undefined array key "apellido"', 'C:\\xampp\\htdocs\\Acevedo_Ignacio\\app\\Views\\editarUsuarioView.php', 66)
 2 SYSTEMPATH\View\View.php(213): include('C:\\xampp\\htdocs\\Acevedo_Ignacio\\app\\Views\\editarUsuarioView.php')
 3 SYSTEMPATH\View\View.php(216): CodeIgniter\View\View->CodeIgniter\View\{closure}()
 4 SYSTEMPATH\Common.php(1184): CodeIgniter\View\View->render('editarUsuarioView', [], true)
 5 APPPATH\Controllers\editarUserController.php(13): view('editarUsuarioView', [...])
 6 SYSTEMPATH\CodeIgniter.php(934): App\Controllers\editarUserController->index()
 7 SYSTEMPATH\CodeIgniter.php(499): CodeIgniter\CodeIgniter->runController(Object(App\Controllers\editarUserController))
 8 SYSTEMPATH\CodeIgniter.php(368): CodeIgniter\CodeIgniter->handleRequest(null, Object(Config\Cache), false)
 9 FCPATH\index.php(67): CodeIgniter\CodeIgniter->run()
CRITICAL - 2023-05-21 08:11:02 --> Undefined array key "apellido"
in APPPATH\Views\editarUsuarioView.php on line 66.
 1 APPPATH\Views\editarUsuarioView.php(66): CodeIgniter\Debug\Exceptions->errorHandler(2, 'Undefined array key "apellido"', 'C:\\xampp\\htdocs\\Acevedo_Ignacio\\app\\Views\\editarUsuarioView.php', 66)
 2 SYSTEMPATH\View\View.php(213): include('C:\\xampp\\htdocs\\Acevedo_Ignacio\\app\\Views\\editarUsuarioView.php')
 3 SYSTEMPATH\View\View.php(216): CodeIgniter\View\View->CodeIgniter\View\{closure}()
 4 SYSTEMPATH\Common.php(1184): CodeIgniter\View\View->render('editarUsuarioView', [], true)
 5 APPPATH\Controllers\editarUserController.php(13): view('editarUsuarioView', [...])
 6 SYSTEMPATH\CodeIgniter.php(934): App\Controllers\editarUserController->index()
 7 SYSTEMPATH\CodeIgniter.php(499): CodeIgniter\CodeIgniter->runController(Object(App\Controllers\editarUserController))
 8 SYSTEMPATH\CodeIgniter.php(368): CodeIgniter\CodeIgniter->handleRequest(null, Object(Config\Cache), false)
 9 FCPATH\index.php(67): CodeIgniter\CodeIgniter->run()
CRITICAL - 2023-05-21 08:11:30 --> syntax error, unexpected token "if"
in APPPATH\Views\editarUsuarioView.php on line 52.
 1 SYSTEMPATH\View\View.php(216): CodeIgniter\View\View->CodeIgniter\View\{closure}()
 2 SYSTEMPATH\Common.php(1184): CodeIgniter\View\View->render('editarUsuarioView', [], true)
 3 APPPATH\Controllers\editarUserController.php(13): view('editarUsuarioView', [...])
 4 SYSTEMPATH\CodeIgniter.php(934): App\Controllers\editarUserController->index()
 5 SYSTEMPATH\CodeIgniter.php(499): CodeIgniter\CodeIgniter->runController(Object(App\Controllers\editarUserController))
 6 SYSTEMPATH\CodeIgniter.php(368): CodeIgniter\CodeIgniter->handleRequest(null, Object(Config\Cache), false)
 7 FCPATH\index.php(67): CodeIgniter\CodeIgniter->run()
CRITICAL - 2023-05-21 08:11:32 --> syntax error, unexpected token "if"
in APPPATH\Views\editarUsuarioView.php on line 52.
 1 SYSTEMPATH\View\View.php(216): CodeIgniter\View\View->CodeIgniter\View\{closure}()
 2 SYSTEMPATH\Common.php(1184): CodeIgniter\View\View->render('editarUsuarioView', [], true)
 3 APPPATH\Controllers\editarUserController.php(13): view('editarUsuarioView', [...])
 4 SYSTEMPATH\CodeIgniter.php(934): App\Controllers\editarUserController->index()
 5 SYSTEMPATH\CodeIgniter.php(499): CodeIgniter\CodeIgniter->runController(Object(App\Controllers\editarUserController))
 6 SYSTEMPATH\CodeIgniter.php(368): CodeIgniter\CodeIgniter->handleRequest(null, Object(Config\Cache), false)
 7 FCPATH\index.php(67): CodeIgniter\CodeIgniter->run()
CRITICAL - 2023-05-21 08:11:35 --> syntax error, unexpected token "if"
in APPPATH\Views\editarUsuarioView.php on line 52.
 1 SYSTEMPATH\View\View.php(216): CodeIgniter\View\View->CodeIgniter\View\{closure}()
 2 SYSTEMPATH\Common.php(1184): CodeIgniter\View\View->render('editarUsuarioView', [], true)
 3 APPPATH\Controllers\editarUserController.php(13): view('editarUsuarioView', [...])
 4 SYSTEMPATH\CodeIgniter.php(934): App\Controllers\editarUserController->index()
 5 SYSTEMPATH\CodeIgniter.php(499): CodeIgniter\CodeIgniter->runController(Object(App\Controllers\editarUserController))
 6 SYSTEMPATH\CodeIgniter.php(368): CodeIgniter\CodeIgniter->handleRequest(null, Object(Config\Cache), false)
 7 FCPATH\index.php(67): CodeIgniter\CodeIgniter->run()
CRITICAL - 2023-05-21 08:16:03 --> Undefined array key "apellido"
in APPPATH\Views\editarUsuarioView.php on line 67.
 1 APPPATH\Views\editarUsuarioView.php(67): CodeIgniter\Debug\Exceptions->errorHandler(2, 'Undefined array key "apellido"', 'C:\\xampp\\htdocs\\Acevedo_Ignacio\\app\\Views\\editarUsuarioView.php', 67)
 2 SYSTEMPATH\View\View.php(213): include('C:\\xampp\\htdocs\\Acevedo_Ignacio\\app\\Views\\editarUsuarioView.php')
 3 SYSTEMPATH\View\View.php(216): CodeIgniter\View\View->CodeIgniter\View\{closure}()
 4 SYSTEMPATH\Common.php(1184): CodeIgniter\View\View->render('editarUsuarioView', [], true)
 5 APPPATH\Controllers\editarUserController.php(13): view('editarUsuarioView', [...])
 6 SYSTEMPATH\CodeIgniter.php(934): App\Controllers\editarUserController->index()
 7 SYSTEMPATH\CodeIgniter.php(499): CodeIgniter\CodeIgniter->runController(Object(App\Controllers\editarUserController))
 8 SYSTEMPATH\CodeIgniter.php(368): CodeIgniter\CodeIgniter->handleRequest(null, Object(Config\Cache), false)
 9 FCPATH\index.php(67): CodeIgniter\CodeIgniter->run()
CRITICAL - 2023-05-21 08:16:55 --> Undefined array key "apellido"
in APPPATH\Views\editarUsuarioView.php on line 67.
 1 APPPATH\Views\editarUsuarioView.php(67): CodeIgniter\Debug\Exceptions->errorHandler(2, 'Undefined array key "apellido"', 'C:\\xampp\\htdocs\\Acevedo_Ignacio\\app\\Views\\editarUsuarioView.php', 67)
 2 SYSTEMPATH\View\View.php(213): include('C:\\xampp\\htdocs\\Acevedo_Ignacio\\app\\Views\\editarUsuarioView.php')
 3 SYSTEMPATH\View\View.php(216): CodeIgniter\View\View->CodeIgniter\View\{closure}()
 4 SYSTEMPATH\Common.php(1184): CodeIgniter\View\View->render('editarUsuarioView', [], true)
 5 APPPATH\Controllers\editarUserController.php(13): view('editarUsuarioView', [...])
 6 SYSTEMPATH\CodeIgniter.php(934): App\Controllers\editarUserController->index()
 7 SYSTEMPATH\CodeIgniter.php(499): CodeIgniter\CodeIgniter->runController(Object(App\Controllers\editarUserController))
 8 SYSTEMPATH\CodeIgniter.php(368): CodeIgniter\CodeIgniter->handleRequest(null, Object(Config\Cache), false)
 9 FCPATH\index.php(67): CodeIgniter\CodeIgniter->run()
CRITICAL - 2023-05-21 08:18:38 --> Undefined array key "pass"
in APPPATH\Views\editarUsuarioView.php on line 84.
 1 APPPATH\Views\editarUsuarioView.php(84): CodeIgniter\Debug\Exceptions->errorHandler(2, 'Undefined array key "pass"', 'C:\\xampp\\htdocs\\Acevedo_Ignacio\\app\\Views\\editarUsuarioView.php', 84)
 2 SYSTEMPATH\View\View.php(213): include('C:\\xampp\\htdocs\\Acevedo_Ignacio\\app\\Views\\editarUsuarioView.php')
 3 SYSTEMPATH\View\View.php(216): CodeIgniter\View\View->CodeIgniter\View\{closure}()
 4 SYSTEMPATH\Common.php(1184): CodeIgniter\View\View->render('editarUsuarioView', [], true)
 5 APPPATH\Controllers\editarUserController.php(13): view('editarUsuarioView', [...])
 6 SYSTEMPATH\CodeIgniter.php(934): App\Controllers\editarUserController->index()
 7 SYSTEMPATH\CodeIgniter.php(499): CodeIgniter\CodeIgniter->runController(Object(App\Controllers\editarUserController))
 8 SYSTEMPATH\CodeIgniter.php(368): CodeIgniter\CodeIgniter->handleRequest(null, Object(Config\Cache), false)
 9 FCPATH\index.php(67): CodeIgniter\CodeIgniter->run()
CRITICAL - 2023-05-21 08:18:42 --> Undefined array key "pass"
in APPPATH\Views\editarUsuarioView.php on line 84.
 1 APPPATH\Views\editarUsuarioView.php(84): CodeIgniter\Debug\Exceptions->errorHandler(2, 'Undefined array key "pass"', 'C:\\xampp\\htdocs\\Acevedo_Ignacio\\app\\Views\\editarUsuarioView.php', 84)
 2 SYSTEMPATH\View\View.php(213): include('C:\\xampp\\htdocs\\Acevedo_Ignacio\\app\\Views\\editarUsuarioView.php')
 3 SYSTEMPATH\View\View.php(216): CodeIgniter\View\View->CodeIgniter\View\{closure}()
 4 SYSTEMPATH\Common.php(1184): CodeIgniter\View\View->render('editarUsuarioView', [], true)
 5 APPPATH\Controllers\editarUserController.php(13): view('editarUsuarioView', [...])
 6 SYSTEMPATH\CodeIgniter.php(934): App\Controllers\editarUserController->index()
 7 SYSTEMPATH\CodeIgniter.php(499): CodeIgniter\CodeIgniter->runController(Object(App\Controllers\editarUserController))
 8 SYSTEMPATH\CodeIgniter.php(368): CodeIgniter\CodeIgniter->handleRequest(null, Object(Config\Cache), false)
 9 FCPATH\index.php(67): CodeIgniter\CodeIgniter->run()
CRITICAL - 2023-05-21 08:19:10 --> Undefined array key "pass"
in APPPATH\Views\editarUsuarioView.php on line 84.
 1 APPPATH\Views\editarUsuarioView.php(84): CodeIgniter\Debug\Exceptions->errorHandler(2, 'Undefined array key "pass"', 'C:\\xampp\\htdocs\\Acevedo_Ignacio\\app\\Views\\editarUsuarioView.php', 84)
 2 SYSTEMPATH\View\View.php(213): include('C:\\xampp\\htdocs\\Acevedo_Ignacio\\app\\Views\\editarUsuarioView.php')
 3 SYSTEMPATH\View\View.php(216): CodeIgniter\View\View->CodeIgniter\View\{closure}()
 4 SYSTEMPATH\Common.php(1184): CodeIgniter\View\View->render('editarUsuarioView', [], true)
 5 APPPATH\Controllers\editarUserController.php(13): view('editarUsuarioView', [...])
 6 SYSTEMPATH\CodeIgniter.php(934): App\Controllers\editarUserController->index()
 7 SYSTEMPATH\CodeIgniter.php(499): CodeIgniter\CodeIgniter->runController(Object(App\Controllers\editarUserController))
 8 SYSTEMPATH\CodeIgniter.php(368): CodeIgniter\CodeIgniter->handleRequest(null, Object(Config\Cache), false)
 9 FCPATH\index.php(67): CodeIgniter\CodeIgniter->run()
CRITICAL - 2023-05-21 10:39:57 --> Unclosed '{' on line 267
in APPPATH\Views\carritoView.php on line 427.
 1 SYSTEMPATH\View\View.php(216): CodeIgniter\View\View->CodeIgniter\View\{closure}()
 2 SYSTEMPATH\Common.php(1184): CodeIgniter\View\View->render('carritoView', [], true)
 3 APPPATH\Controllers\carritoController.php(21): view('carritoView', [...])
 4 SYSTEMPATH\CodeIgniter.php(934): App\Controllers\carritoController->index()
 5 SYSTEMPATH\CodeIgniter.php(499): CodeIgniter\CodeIgniter->runController(Object(App\Controllers\carritoController))
 6 SYSTEMPATH\CodeIgniter.php(368): CodeIgniter\CodeIgniter->handleRequest(null, Object(Config\Cache), false)
 7 FCPATH\index.php(67): CodeIgniter\CodeIgniter->run()
CRITICAL - 2023-05-21 10:40:12 --> Unclosed '{' on line 267
in APPPATH\Views\carritoView.php on line 427.
 1 SYSTEMPATH\View\View.php(216): CodeIgniter\View\View->CodeIgniter\View\{closure}()
 2 SYSTEMPATH\Common.php(1184): CodeIgniter\View\View->render('carritoView', [], true)
 3 APPPATH\Controllers\carritoController.php(21): view('carritoView', [...])
 4 SYSTEMPATH\CodeIgniter.php(934): App\Controllers\carritoController->index()
 5 SYSTEMPATH\CodeIgniter.php(499): CodeIgniter\CodeIgniter->runController(Object(App\Controllers\carritoController))
 6 SYSTEMPATH\CodeIgniter.php(368): CodeIgniter\CodeIgniter->handleRequest(null, Object(Config\Cache), false)
 7 FCPATH\index.php(67): CodeIgniter\CodeIgniter->run()
CRITICAL - 2023-05-21 10:40:50 --> Unclosed '{' on line 267
in APPPATH\Views\carritoView.php on line 429.
 1 SYSTEMPATH\View\View.php(216): CodeIgniter\View\View->CodeIgniter\View\{closure}()
 2 SYSTEMPATH\Common.php(1184): CodeIgniter\View\View->render('carritoView', [], true)
 3 APPPATH\Controllers\carritoController.php(21): view('carritoView', [...])
 4 SYSTEMPATH\CodeIgniter.php(934): App\Controllers\carritoController->index()
 5 SYSTEMPATH\CodeIgniter.php(499): CodeIgniter\CodeIgniter->runController(Object(App\Controllers\carritoController))
 6 SYSTEMPATH\CodeIgniter.php(368): CodeIgniter\CodeIgniter->handleRequest(null, Object(Config\Cache), false)
 7 FCPATH\index.php(67): CodeIgniter\CodeIgniter->run()
CRITICAL - 2023-05-21 10:40:51 --> Unclosed '{' on line 267
in APPPATH\Views\carritoView.php on line 429.
 1 SYSTEMPATH\View\View.php(216): CodeIgniter\View\View->CodeIgniter\View\{closure}()
 2 SYSTEMPATH\Common.php(1184): CodeIgniter\View\View->render('carritoView', [], true)
 3 APPPATH\Controllers\carritoController.php(21): view('carritoView', [...])
 4 SYSTEMPATH\CodeIgniter.php(934): App\Controllers\carritoController->index()
 5 SYSTEMPATH\CodeIgniter.php(499): CodeIgniter\CodeIgniter->runController(Object(App\Controllers\carritoController))
 6 SYSTEMPATH\CodeIgniter.php(368): CodeIgniter\CodeIgniter->handleRequest(null, Object(Config\Cache), false)
 7 FCPATH\index.php(67): CodeIgniter\CodeIgniter->run()
CRITICAL - 2023-05-21 10:41:52 --> Unclosed '{' on line 267
in APPPATH\Views\carritoView.php on line 430.
 1 SYSTEMPATH\View\View.php(216): CodeIgniter\View\View->CodeIgniter\View\{closure}()
 2 SYSTEMPATH\Common.php(1184): CodeIgniter\View\View->render('carritoView', [], true)
 3 APPPATH\Controllers\carritoController.php(21): view('carritoView', [...])
 4 SYSTEMPATH\CodeIgniter.php(934): App\Controllers\carritoController->index()
 5 SYSTEMPATH\CodeIgniter.php(499): CodeIgniter\CodeIgniter->runController(Object(App\Controllers\carritoController))
 6 SYSTEMPATH\CodeIgniter.php(368): CodeIgniter\CodeIgniter->handleRequest(null, Object(Config\Cache), false)
 7 FCPATH\index.php(67): CodeIgniter\CodeIgniter->run()
